GET /kdhdh at time 16:39:27 GMT+0530 (India Standard Time)
GET / at time 16:39:32 GMT+0530 (India Standard Time)
GET /products at time 16:39:37 GMT+0530 (India Standard Time)
GET /products at time 16:51:49 GMT+0530 (India Standard Time)
GET /products at time 16:51:52 GMT+0530 (India Standard Time)
GET /products at time 16:52:51 GMT+0530 (India Standard Time)
GET /users at time 16:52:57 GMT+0530 (India Standard Time)
GET /users at time 16:56:06 GMT+0530 (India Standard Time)
GET /products at time 16:56:14 GMT+0530 (India Standard Time)
GET /users at time 16:56:35 GMT+0530 (India Standard Time)
GET / at time 17:13:37 GMT+0530 (India Standard Time)
GET / at time 17:13:50 GMT+0530 (India Standard Time)
GET / at time 17:15:10 GMT+0530 (India Standard Time)
GET / at time 17:15:54 GMT+0530 (India Standard Time)
GET / at time 17:15:58 GMT+0530 (India Standard Time)
GET /products at time 17:16:07 GMT+0530 (India Standard Time)
GET /users at time 17:16:14 GMT+0530 (India Standard Time)
GET / at time 17:16:19 GMT+0530 (India Standard Time)
GET / at time 17:17:44 GMT+0530 (India Standard Time)
GET / at time 17:19:03 GMT+0530 (India Standard Time)
GET / at time 17:34:45 GMT+0530 (India Standard Time)
GET /bootstrap-5.1.3-dist/css/bootstrap.min.css at time 17:34:45 GMT+0530 (India Standard Time)
GET / at time 17:35:20 GMT+0530 (India Standard Time)
GET /bootstrap-5.1.3-dist/css/bootstrap.min.css at time 17:35:20 GMT+0530 (India Standard Time)
GET / at time 17:36:34 GMT+0530 (India Standard Time)
GET /bootstrap-5.1.3-dist/css/bootstrap.min.css at time 17:36:34 GMT+0530 (India Standard Time)
GET / at time 17:38:14 GMT+0530 (India Standard Time)
GET /bootstrap-5.1.3-dist/css/bootstrap.min.css at time 17:38:14 GMT+0530 (India Standard Time)
GET /bootstrap-5.1.3-dist/css/bootstrap.min.css at time 17:40:00 GMT+0530 (India Standard Time)
GET /bootstrap-5.1.3-dist/css/bootstrap.min.css.map at time 17:40:00 GMT+0530 (India Standard Time)
GET / at time 17:45:57 GMT+0530 (India Standard Time)
GET /bootstrap-5.1.3-dist/css/bootstrap.min.css at time 17:45:57 GMT+0530 (India Standard Time)
GET / at time 17:45:59 GMT+0530 (India Standard Time)
GET /bootstrap-5.1.3-dist/css/bootstrap.min.css at time 17:45:59 GMT+0530 (India Standard Time)
GET / at time 17:46:01 GMT+0530 (India Standard Time)
GET /bootstrap-5.1.3-dist/css/bootstrap.min.css at time 17:46:01 GMT+0530 (India Standard Time)
GET / at time 17:51:49 GMT+0530 (India Standard Time)
GET /bootstrap-5.1.3-dist/css/bootstrap.min.css at time 17:51:49 GMT+0530 (India Standard Time)
GET /bootstrap-5.1.3-dist/js/bootstrap.min.js at time 17:51:49 GMT+0530 (India Standard Time)
GET / at time 22:29:13 GMT+0530 (India Standard Time)
GET /bootstrap-5.1.3-dist/css/bootstrap.min.css at time 22:29:13 GMT+0530 (India Standard Time)
GET /bootstrap-5.1.3-dist/js/bootstrap.min.js at time 22:29:13 GMT+0530 (India Standard Time)
GET /products at time 22:29:21 GMT+0530 (India Standard Time)
GET /pages at time 22:29:43 GMT+0530 (India Standard Time)
GET /page/products at time 22:30:33 GMT+0530 (India Standard Time)
GET /bootstrap-5.1.3-dist/css/bootstrap.min.css at time 22:30:33 GMT+0530 (India Standard Time)
GET /page/bootstrap-5.1.3-dist/js/bootstrap.min.js at time 22:30:33 GMT+0530 (India Standard Time)
GET / at time 22:31:35 GMT+0530 (India Standard Time)
GET /bootstrap-5.1.3-dist/css/bootstrap.min.css at time 22:31:35 GMT+0530 (India Standard Time)
GET /bootstrap-5.1.3-dist/js/bootstrap.min.js at time 22:31:35 GMT+0530 (India Standard Time)
GET / at time 22:32:06 GMT+0530 (India Standard Time)
GET /bootstrap-5.1.3-dist/css/bootstrap.min.css at time 22:32:06 GMT+0530 (India Standard Time)
GET /bootstrap-5.1.3-dist/js/bootstrap.min.js at time 22:32:06 GMT+0530 (India Standard Time)
GET / at time 22:32:09 GMT+0530 (India Standard Time)
GET /bootstrap-5.1.3-dist/css/bootstrap.min.css at time 22:32:10 GMT+0530 (India Standard Time)
GET /bootstrap-5.1.3-dist/js/bootstrap.min.js at time 22:32:10 GMT+0530 (India Standard Time)
GET /user at time 22:59:51 GMT+0530 (India Standard Time)
GET /users at time 22:59:56 GMT+0530 (India Standard Time)
GET /users at time 23:00:29 GMT+0530 (India Standard Time)
POST /users at time 23:02:00 GMT+0530 (India Standard Time)
POST /users at time 23:02:18 GMT+0530 (India Standard Time)
GET /users at time 23:02:28 GMT+0530 (India Standard Time)
GET /users?q=jayu at time 23:02:45 GMT+0530 (India Standard Time)
GET /users?q=jayu at time 23:02:59 GMT+0530 (India Standard Time)
GET /users?q=jay at time 23:03:04 GMT+0530 (India Standard Time)
GET /users at time 23:03:14 GMT+0530 (India Standard Time)
DELETE /users/61e06222da315a83098c3db4 at time 23:03:56 GMT+0530 (India Standard Time)
GET /users at time 23:04:16 GMT+0530 (India Standard Time)
GET /users?q=jayu at time 23:04:28 GMT+0530 (India Standard Time)
POST /users at time 23:04:56 GMT+0530 (India Standard Time)
DELETE /users/61e062c0da315a83098c3dbe at time 23:05:34 GMT+0530 (India Standard Time)
GET /users at time 23:06:22 GMT+0530 (India Standard Time)
PUT /users/%20%20%20%20%20%20%20%20%22_id%22:%20%2261de893bdeca40ef8100b93e%22,%0A at time 23:07:05 GMT+0530 (India Standard Time)
PUT /users/61de893bdeca40ef8100b93e%0A at time 23:07:27 GMT+0530 (India Standard Time)
GET /users%0A at time 23:07:39 GMT+0530 (India Standard Time)
GET /users%0A at time 23:07:47 GMT+0530 (India Standard Time)
GET /users/%0A at time 23:08:09 GMT+0530 (India Standard Time)
GET /users/%0A at time 23:08:17 GMT+0530 (India Standard Time)
GET /users%0A at time 23:08:24 GMT+0530 (India Standard Time)
GET /products%0A at time 23:08:39 GMT+0530 (India Standard Time)
GET /users at time 23:08:52 GMT+0530 (India Standard Time)
PUT /users/61de893bdeca40ef8100b93e at time 23:09:35 GMT+0530 (India Standard Time)
GET /users/61de893bdeca40ef8100b93e at time 23:09:48 GMT+0530 (India Standard Time)
GET /users/61de893bdeca40ef8100b93e at time 23:10:14 GMT+0530 (India Standard Time)
GET /users at time 23:10:25 GMT+0530 (India Standard Time)
GET /users/61de893bdeca40ef8100b93f at time 23:10:37 GMT+0530 (India Standard Time)
GET /users at time 23:11:21 GMT+0530 (India Standard Time)
GET /page/users at time 23:15:19 GMT+0530 (India Standard Time)
GET /page/users at time 23:15:43 GMT+0530 (India Standard Time)
GET /bootstrap-5.1.3-dist/css/bootstrap.min.css at time 23:15:43 GMT+0530 (India Standard Time)
GET /page/bootstrap-5.1.3-dist/js/bootstrap.min.js at time 23:15:43 GMT+0530 (India Standard Time)
GET /page/users at time 23:16:56 GMT+0530 (India Standard Time)
GET /bootstrap-5.1.3-dist/css/bootstrap.min.css at time 23:16:56 GMT+0530 (India Standard Time)
GET /page/bootstrap-5.1.3-dist/js/bootstrap.min.js at time 23:16:56 GMT+0530 (India Standard Time)
GET /page/users at time 23:17:13 GMT+0530 (India Standard Time)
GET /bootstrap-5.1.3-dist/css/bootstrap.min.css at time 23:17:13 GMT+0530 (India Standard Time)
GET /page/bootstrap-5.1.3-dist/js/bootstrap.min.js at time 23:17:13 GMT+0530 (India Standard Time)
GET /page/users at time 23:17:20 GMT+0530 (India Standard Time)
GET /bootstrap-5.1.3-dist/css/bootstrap.min.css at time 23:17:20 GMT+0530 (India Standard Time)
GET /page/bootstrap-5.1.3-dist/js/bootstrap.min.js at time 23:17:20 GMT+0530 (India Standard Time)
GET /page/users at time 23:17:26 GMT+0530 (India Standard Time)
GET /bootstrap-5.1.3-dist/css/bootstrap.min.css at time 23:17:26 GMT+0530 (India Standard Time)
GET /page/bootstrap-5.1.3-dist/js/bootstrap.min.js at time 23:17:26 GMT+0530 (India Standard Time)
GET /page/users at time 23:17:30 GMT+0530 (India Standard Time)
GET /bootstrap-5.1.3-dist/css/bootstrap.min.css at time 23:17:30 GMT+0530 (India Standard Time)
GET /page/bootstrap-5.1.3-dist/js/bootstrap.min.js at time 23:17:30 GMT+0530 (India Standard Time)
GET /page/users at time 23:17:45 GMT+0530 (India Standard Time)
GET /bootstrap-5.1.3-dist/css/bootstrap.min.css at time 23:17:45 GMT+0530 (India Standard Time)
GET /page/bootstrap-5.1.3-dist/js/bootstrap.min.js at time 23:17:45 GMT+0530 (India Standard Time)
GET /page/products at time 23:19:27 GMT+0530 (India Standard Time)
GET /bootstrap-5.1.3-dist/css/bootstrap.min.css at time 23:19:27 GMT+0530 (India Standard Time)
GET /page/bootstrap-5.1.3-dist/js/bootstrap.min.js at time 23:19:27 GMT+0530 (India Standard Time)
GET /page/products at time 23:19:52 GMT+0530 (India Standard Time)
GET /bootstrap-5.1.3-dist/css/bootstrap.min.css at time 23:19:52 GMT+0530 (India Standard Time)
GET /page/bootstrap-5.1.3-dist/js/bootstrap.min.js at time 23:19:52 GMT+0530 (India Standard Time)
GET /page/products at time 23:21:02 GMT+0530 (India Standard Time)
GET /bootstrap-5.1.3-dist/css/bootstrap.min.css at time 23:21:03 GMT+0530 (India Standard Time)
GET /page/bootstrap-5.1.3-dist/js/bootstrap.min.js at time 23:21:03 GMT+0530 (India Standard Time)
GET /page/users at time 23:21:58 GMT+0530 (India Standard Time)
GET /bootstrap-5.1.3-dist/css/bootstrap.min.css at time 23:21:58 GMT+0530 (India Standard Time)
GET /page/bootstrap-5.1.3-dist/js/bootstrap.min.js at time 23:21:58 GMT+0530 (India Standard Time)
GET / at time 23:24:01 GMT+0530 (India Standard Time)
GET /bootstrap-5.1.3-dist/css/bootstrap.min.css at time 23:24:01 GMT+0530 (India Standard Time)
GET /bootstrap-5.1.3-dist/js/bootstrap.min.js at time 23:24:01 GMT+0530 (India Standard Time)
GET /bootstrap-5.1.3-dist/css/bootstrap.min.css at time 23:24:02 GMT+0530 (India Standard Time)
GET / at time 23:24:53 GMT+0530 (India Standard Time)
GET /bootstrap-5.1.3-dist/css/bootstrap.min.css at time 23:24:53 GMT+0530 (India Standard Time)
GET /bootstrap-5.1.3-dist/js/bootstrap.min.js at time 23:24:53 GMT+0530 (India Standard Time)
GET / at time 23:25:22 GMT+0530 (India Standard Time)
GET /bootstrap-5.1.3-dist/css/bootstrap.min.css at time 23:25:22 GMT+0530 (India Standard Time)
GET /bootstrap-5.1.3-dist/js/bootstrap.min.js at time 23:25:22 GMT+0530 (India Standard Time)
GET / at time 23:25:52 GMT+0530 (India Standard Time)
GET /bootstrap-5.1.3-dist/css/bootstrap.min.css at time 23:25:52 GMT+0530 (India Standard Time)
GET /bootstrap-5.1.3-dist/js/bootstrap.min.js at time 23:25:52 GMT+0530 (India Standard Time)
GET / at time 23:26:38 GMT+0530 (India Standard Time)
GET /bootstrap-5.1.3-dist/css/bootstrap.min.css at time 23:26:38 GMT+0530 (India Standard Time)
GET /bootstrap-5.1.3-dist/js/bootstrap.min.js at time 23:26:38 GMT+0530 (India Standard Time)
GET / at time 23:27:14 GMT+0530 (India Standard Time)
GET /bootstrap-5.1.3-dist/css/bootstrap.min.css at time 23:27:14 GMT+0530 (India Standard Time)
GET /bootstrap-5.1.3-dist/js/bootstrap.min.js at time 23:27:14 GMT+0530 (India Standard Time)
GET /page/products at time 23:27:24 GMT+0530 (India Standard Time)
GET /bootstrap-5.1.3-dist/css/bootstrap.min.css at time 23:27:24 GMT+0530 (India Standard Time)
GET /page/bootstrap-5.1.3-dist/js/bootstrap.min.js at time 23:27:24 GMT+0530 (India Standard Time)
GET /page/products at time 23:28:09 GMT+0530 (India Standard Time)
GET /bootstrap-5.1.3-dist/css/bootstrap.min.css at time 23:28:09 GMT+0530 (India Standard Time)
GET /page/bootstrap-5.1.3-dist/js/bootstrap.min.js at time 23:28:09 GMT+0530 (India Standard Time)
GET /page/users at time 23:28:20 GMT+0530 (India Standard Time)
GET /bootstrap-5.1.3-dist/css/bootstrap.min.css at time 23:28:20 GMT+0530 (India Standard Time)
GET /page/bootstrap-5.1.3-dist/js/bootstrap.min.js at time 23:28:20 GMT+0530 (India Standard Time)
PUT /users/61de893bdeca40ef8100b93e at time 23:29:05 GMT+0530 (India Standard Time)
GET /users at time 09:23:27 GMT+0530 (India Standard Time)
GET / at time 09:23:28 GMT+0530 (India Standard Time)
GET /bootstrap-5.1.3-dist/css/bootstrap.min.css at time 09:23:29 GMT+0530 (India Standard Time)
GET /bootstrap-5.1.3-dist/js/bootstrap.min.js at time 09:23:29 GMT+0530 (India Standard Time)
GET /users at time 09:34:36 GMT+0530 (India Standard Time)
GET / at time 09:45:28 GMT+0530 (India Standard Time)
GET /bootstrap-5.1.3-dist/css/bootstrap.min.css at time 09:45:28 GMT+0530 (India Standard Time)
GET /bootstrap-5.1.3-dist/js/bootstrap.min.js at time 09:45:28 GMT+0530 (India Standard Time)
GET /page/products at time 09:45:33 GMT+0530 (India Standard Time)
GET /bootstrap-5.1.3-dist/css/bootstrap.min.css at time 09:45:33 GMT+0530 (India Standard Time)
GET /page/bootstrap-5.1.3-dist/js/bootstrap.min.js at time 09:45:33 GMT+0530 (India Standard Time)
GET / at time 09:45:47 GMT+0530 (India Standard Time)
GET /bootstrap-5.1.3-dist/css/bootstrap.min.css at time 09:45:47 GMT+0530 (India Standard Time)
GET /bootstrap-5.1.3-dist/js/bootstrap.min.js at time 09:45:47 GMT+0530 (India Standard Time)
GET /bootstrap-5.1.3-dist/css/bootstrap.min.css at time 09:45:47 GMT+0530 (India Standard Time)
GET /bootstrap-5.1.3-dist/js/bootstrap.min.js at time 09:45:47 GMT+0530 (India Standard Time)
POST /users at time 09:58:00 GMT+0530 (India Standard Time)
POST /users at time 09:58:21 GMT+0530 (India Standard Time)
PUT /users/61e0fbe51409664832bdaed8 at time 09:59:11 GMT+0530 (India Standard Time)
GET /page/products at time 09:59:34 GMT+0530 (India Standard Time)
GET /bootstrap-5.1.3-dist/css/bootstrap.min.css at time 09:59:34 GMT+0530 (India Standard Time)
GET /page/bootstrap-5.1.3-dist/js/bootstrap.min.js at time 09:59:34 GMT+0530 (India Standard Time)
GET /page/users at time 09:59:51 GMT+0530 (India Standard Time)
GET /page/bootstrap-5.1.3-dist/js/bootstrap.min.js at time 09:59:51 GMT+0530 (India Standard Time)
GET /bootstrap-5.1.3-dist/css/bootstrap.min.css at time 09:59:51 GMT+0530 (India Standard Time)
GET /bootstrap-5.1.3-dist/css/bootstrap.min.css at time 09:59:54 GMT+0530 (India Standard Time)
GET /page/users at time 10:39:00 GMT+0530 (India Standard Time)
GET /bootstrap-5.1.3-dist/css/bootstrap.min.css at time 10:39:00 GMT+0530 (India Standard Time)
GET /page/bootstrap-5.1.3-dist/js/bootstrap.min.js at time 10:39:00 GMT+0530 (India Standard Time)
GET /page/products at time 10:39:11 GMT+0530 (India Standard Time)
GET /bootstrap-5.1.3-dist/css/bootstrap.min.css at time 10:39:11 GMT+0530 (India Standard Time)
GET /page/bootstrap-5.1.3-dist/js/bootstrap.min.js at time 10:39:11 GMT+0530 (India Standard Time)
GET /page/products at time 10:59:44 GMT+0530 (India Standard Time)
GET /bootstrap-5.1.3-dist/css/bootstrap.min.css at time 10:59:44 GMT+0530 (India Standard Time)
GET /page/bootstrap-5.1.3-dist/js/bootstrap.min.js at time 10:59:44 GMT+0530 (India Standard Time)
GET /page/users at time 11:05:27 GMT+0530 (India Standard Time)
GET /page/bootstrap-5.1.3-dist/js/bootstrap.min.js at time 11:05:27 GMT+0530 (India Standard Time)
GET /bootstrap-5.1.3-dist/css/bootstrap.min.css at time 11:05:27 GMT+0530 (India Standard Time)
GET /page/products at time 11:11:54 GMT+0530 (India Standard Time)
GET /bootstrap-5.1.3-dist/css/bootstrap.min.css at time 11:11:54 GMT+0530 (India Standard Time)
GET /page/bootstrap-5.1.3-dist/js/bootstrap.min.js at time 11:11:54 GMT+0530 (India Standard Time)
GET /page/products at time 11:12:56 GMT+0530 (India Standard Time)
GET /bootstrap-5.1.3-dist/css/bootstrap.min.css at time 11:12:56 GMT+0530 (India Standard Time)
GET /page/... at time 11:12:56 GMT+0530 (India Standard Time)
GET /page/bootstrap-5.1.3-dist/js/bootstrap.min.js at time 11:12:56 GMT+0530 (India Standard Time)
GET /page/products at time 11:13:08 GMT+0530 (India Standard Time)
GET /bootstrap-5.1.3-dist/css/bootstrap.min.css at time 11:13:08 GMT+0530 (India Standard Time)
GET /page/... at time 11:13:08 GMT+0530 (India Standard Time)
GET /page/bootstrap-5.1.3-dist/js/bootstrap.min.js at time 11:13:08 GMT+0530 (India Standard Time)
GET /page/products at time 11:13:26 GMT+0530 (India Standard Time)
GET /bootstrap-5.1.3-dist/css/bootstrap.min.css at time 11:13:26 GMT+0530 (India Standard Time)
GET /page/... at time 11:13:26 GMT+0530 (India Standard Time)
GET /page/bootstrap-5.1.3-dist/js/bootstrap.min.js at time 11:13:26 GMT+0530 (India Standard Time)
GET /page/products at time 11:15:19 GMT+0530 (India Standard Time)
GET /bootstrap-5.1.3-dist/css/bootstrap.min.css at time 11:15:19 GMT+0530 (India Standard Time)
GET /page/bootstrap-5.1.3-dist/js/bootstrap.min.js at time 11:15:19 GMT+0530 (India Standard Time)
GET /page/products at time 11:17:23 GMT+0530 (India Standard Time)
GET /bootstrap-5.1.3-dist/css/bootstrap.min.css at time 11:17:23 GMT+0530 (India Standard Time)
GET /page/bootstrap-5.1.3-dist/js/bootstrap.min.js at time 11:17:23 GMT+0530 (India Standard Time)
GET /page/products at time 11:20:36 GMT+0530 (India Standard Time)
GET /bootstrap-5.1.3-dist/css/bootstrap.min.css at time 11:20:36 GMT+0530 (India Standard Time)
GET /page/bootstrap-5.1.3-dist/js/bootstrap.min.js at time 11:20:36 GMT+0530 (India Standard Time)
GET /page/products at time 11:34:41 GMT+0530 (India Standard Time)
GET /bootstrap-5.1.3-dist/css/bootstrap.min.css at time 11:34:41 GMT+0530 (India Standard Time)
GET /page/bootstrap-5.1.3-dist/js/bootstrap.min.js at time 11:34:41 GMT+0530 (India Standard Time)
GET /page/products at time 11:34:43 GMT+0530 (India Standard Time)
GET /bootstrap-5.1.3-dist/css/bootstrap.min.css at time 11:34:43 GMT+0530 (India Standard Time)
GET /page/bootstrap-5.1.3-dist/js/bootstrap.min.js at time 11:34:43 GMT+0530 (India Standard Time)
GET / at time 11:34:45 GMT+0530 (India Standard Time)
GET /bootstrap-5.1.3-dist/css/bootstrap.min.css at time 11:34:45 GMT+0530 (India Standard Time)
GET /bootstrap-5.1.3-dist/js/bootstrap.min.js at time 11:34:45 GMT+0530 (India Standard Time)
GET /page/products at time 11:34:48 GMT+0530 (India Standard Time)
GET /bootstrap-5.1.3-dist/css/bootstrap.min.css at time 11:34:48 GMT+0530 (India Standard Time)
GET /page/bootstrap-5.1.3-dist/js/bootstrap.min.js at time 11:34:48 GMT+0530 (India Standard Time)
GET / at time 11:52:14 GMT+0530 (India Standard Time)
GET /bootstrap-5.1.3-dist/css/bootstrap.min.css at time 11:52:14 GMT+0530 (India Standard Time)
GET /bootstrap-5.1.3-dist/js/bootstrap.min.js at time 11:52:14 GMT+0530 (India Standard Time)
GET /bootstrap-5.1.3-dist/css/bootstrap.min.css at time 11:52:15 GMT+0530 (India Standard Time)
GET /page/products at time 11:52:27 GMT+0530 (India Standard Time)
GET /bootstrap-5.1.3-dist/css/bootstrap.min.css at time 11:52:27 GMT+0530 (India Standard Time)
GET /page/bootstrap-5.1.3-dist/js/bootstrap.min.js at time 11:52:27 GMT+0530 (India Standard Time)
GET / at time 11:52:29 GMT+0530 (India Standard Time)
GET /bootstrap-5.1.3-dist/css/bootstrap.min.css at time 11:52:29 GMT+0530 (India Standard Time)
GET /bootstrap-5.1.3-dist/js/bootstrap.min.js at time 11:52:29 GMT+0530 (India Standard Time)
GET /page/products at time 11:52:34 GMT+0530 (India Standard Time)
GET /bootstrap-5.1.3-dist/css/bootstrap.min.css at time 11:52:34 GMT+0530 (India Standard Time)
GET /page/bootstrap-5.1.3-dist/js/bootstrap.min.js at time 11:52:34 GMT+0530 (India Standard Time)
GET / at time 11:52:40 GMT+0530 (India Standard Time)
GET /bootstrap-5.1.3-dist/css/bootstrap.min.css at time 11:52:40 GMT+0530 (India Standard Time)
GET /bootstrap-5.1.3-dist/js/bootstrap.min.js at time 11:52:40 GMT+0530 (India Standard Time)
GET /page/products at time 11:52:42 GMT+0530 (India Standard Time)
GET /bootstrap-5.1.3-dist/css/bootstrap.min.css at time 11:52:42 GMT+0530 (India Standard Time)
GET /page/bootstrap-5.1.3-dist/js/bootstrap.min.js at time 11:52:42 GMT+0530 (India Standard Time)
GET /page/products at time 11:56:09 GMT+0530 (India Standard Time)
GET /bootstrap-5.1.3-dist/css/bootstrap.min.css at time 11:56:09 GMT+0530 (India Standard Time)
GET /page/bootstrap-5.1.3-dist/js/bootstrap.min.js at time 11:56:09 GMT+0530 (India Standard Time)
GET /page/products at time 11:56:29 GMT+0530 (India Standard Time)
GET /bootstrap-5.1.3-dist/css/bootstrap.min.css at time 11:56:29 GMT+0530 (India Standard Time)
GET /page/bootstrap-5.1.3-dist/js/bootstrap.min.js at time 11:56:29 GMT+0530 (India Standard Time)
GET /products at time 12:11:57 GMT+0530 (India Standard Time)
GET /products at time 12:35:11 GMT+0530 (India Standard Time)
GET /products at time 12:35:52 GMT+0530 (India Standard Time)
POST /products/61dd7722e1ff460cd6b3a87f/reviews at time 12:38:57 GMT+0530 (India Standard Time)
POST /products/61dd7722e1ff460cd6b3a87f/reviews at time 12:51:06 GMT+0530 (India Standard Time)
GET /products at time 12:59:48 GMT+0530 (India Standard Time)
GET /page/products at time 13:04:52 GMT+0530 (India Standard Time)
GET /bootstrap-5.1.3-dist/css/bootstrap.min.css at time 13:04:52 GMT+0530 (India Standard Time)
GET /page/bootstrap-5.1.3-dist/js/bootstrap.min.js at time 13:04:52 GMT+0530 (India Standard Time)
GET /page/users at time 13:04:55 GMT+0530 (India Standard Time)
GET /bootstrap-5.1.3-dist/css/bootstrap.min.css at time 13:04:55 GMT+0530 (India Standard Time)
GET /page/bootstrap-5.1.3-dist/js/bootstrap.min.js at time 13:04:55 GMT+0530 (India Standard Time)
GET /bootstrap-5.1.3-dist/css/bootstrap.min.css at time 13:05:02 GMT+0530 (India Standard Time)
GET /page/bootstrap-5.1.3-dist/js/bootstrap.min.js at time 13:05:02 GMT+0530 (India Standard Time)
GET / at time 13:05:03 GMT+0530 (India Standard Time)
GET /bootstrap-5.1.3-dist/css/bootstrap.min.css at time 13:05:03 GMT+0530 (India Standard Time)
GET /bootstrap-5.1.3-dist/js/bootstrap.min.js at time 13:05:03 GMT+0530 (India Standard Time)
GET /page/users at time 13:06:36 GMT+0530 (India Standard Time)
GET /bootstrap-5.1.3-dist/css/bootstrap.min.css at time 13:06:36 GMT+0530 (India Standard Time)
GET /page/bootstrap-5.1.3-dist/js/bootstrap.min.js at time 13:06:36 GMT+0530 (India Standard Time)
GET /page/users at time 13:06:46 GMT+0530 (India Standard Time)
GET /bootstrap-5.1.3-dist/css/bootstrap.min.css at time 13:06:46 GMT+0530 (India Standard Time)
GET /page/bootstrap-5.1.3-dist/js/bootstrap.min.js at time 13:06:46 GMT+0530 (India Standard Time)
GET /page/products at time 14:24:12 GMT+0530 (India Standard Time)
GET /bootstrap-5.1.3-dist/css/bootstrap.min.css at time 14:24:12 GMT+0530 (India Standard Time)
GET /page/bootstrap-5.1.3-dist/js/bootstrap.min.js at time 14:24:12 GMT+0530 (India Standard Time)
GET / at time 14:24:19 GMT+0530 (India Standard Time)
GET /bootstrap-5.1.3-dist/css/bootstrap.min.css at time 14:24:19 GMT+0530 (India Standard Time)
GET /bootstrap-5.1.3-dist/js/bootstrap.min.js at time 14:24:19 GMT+0530 (India Standard Time)
GET /users at time 14:34:08 GMT+0530 (India Standard Time)
GET /users at time 14:35:33 GMT+0530 (India Standard Time)
GET /users at time 14:35:37 GMT+0530 (India Standard Time)
GET /users at time 14:36:18 GMT+0530 (India Standard Time)
GET /products/61dd7722e1ff460cd6b3a87f/reviews at time 14:54:49 GMT+0530 (India Standard Time)
GET /auth/login at time 15:40:33 GMT+0530 (India Standard Time)
POST /auth/login at time 15:41:23 GMT+0530 (India Standard Time)
POST /auth/login at time 15:59:44 GMT+0530 (India Standard Time)
POST /auth/login at time 15:59:56 GMT+0530 (India Standard Time)
POST /auth/login at time 16:01:12 GMT+0530 (India Standard Time)
POST /auth/login at time 16:05:09 GMT+0530 (India Standard Time)
POST /users at time 16:25:11 GMT+0530 (India Standard Time)
GET /users at time 16:25:20 GMT+0530 (India Standard Time)
GET /users at time 16:27:24 GMT+0530 (India Standard Time)
GET /auth/users at time 16:27:48 GMT+0530 (India Standard Time)
GET /users at time 16:27:54 GMT+0530 (India Standard Time)
GET /users at time 16:55:57 GMT+0530 (India Standard Time)
GET /users at time 17:11:29 GMT+0530 (India Standard Time)
GET /users at time 17:12:31 GMT+0530 (India Standard Time)
GET /users at time 17:12:37 GMT+0530 (India Standard Time)
GET /users at time 17:12:55 GMT+0530 (India Standard Time)
GET /users at time 17:14:39 GMT+0530 (India Standard Time)
GET /users at time 17:15:49 GMT+0530 (India Standard Time)
GET /users at time 17:17:49 GMT+0530 (India Standard Time)
GET /users at time 17:18:10 GMT+0530 (India Standard Time)
GET /users at time 17:18:43 GMT+0530 (India Standard Time)
GET /auth/login at time 17:19:30 GMT+0530 (India Standard Time)
POST /auth/login at time 17:19:38 GMT+0530 (India Standard Time)
GET /users at time 17:20:23 GMT+0530 (India Standard Time)
GET /users at time 17:20:47 GMT+0530 (India Standard Time)
GET /users at time 17:21:28 GMT+0530 (India Standard Time)
GET /users at time 17:36:45 GMT+0530 (India Standard Time)
GET /users at time 17:36:56 GMT+0530 (India Standard Time)
GET /users at time 17:37:04 GMT+0530 (India Standard Time)
GET /users at time 17:37:30 GMT+0530 (India Standard Time)
GET /users at time 17:38:49 GMT+0530 (India Standard Time)
GET /users at time 17:40:37 GMT+0530 (India Standard Time)
GET /auth/login at time 17:41:29 GMT+0530 (India Standard Time)
POST /auth/login at time 17:41:38 GMT+0530 (India Standard Time)
POST /users at time 17:42:05 GMT+0530 (India Standard Time)
GET /users at time 17:42:10 GMT+0530 (India Standard Time)
POST /users at time 17:42:27 GMT+0530 (India Standard Time)
GET /users at time 17:42:39 GMT+0530 (India Standard Time)
POST /auth/login at time 17:43:39 GMT+0530 (India Standard Time)
POST /auth/login at time 17:44:38 GMT+0530 (India Standard Time)
POST /users at time 17:45:00 GMT+0530 (India Standard Time)
GET /users at time 17:45:11 GMT+0530 (India Standard Time)
POST /path/login at time 17:45:41 GMT+0530 (India Standard Time)
GET /path/login at time 17:45:57 GMT+0530 (India Standard Time)
GET /users at time 17:46:05 GMT+0530 (India Standard Time)
GET /users at time 17:55:56 GMT+0530 (India Standard Time)
GET / at time 12:12:20 GMT+0530 (India Standard Time)
GET /bootstrap-5.1.3-dist/js/bootstrap.min.js at time 12:12:20 GMT+0530 (India Standard Time)
GET /bootstrap-5.1.3-dist/css/bootstrap.min.css at time 12:12:20 GMT+0530 (India Standard Time)
GET /favicon.ico at time 12:12:20 GMT+0530 (India Standard Time)
GET /users at time 12:12:34 GMT+0530 (India Standard Time)
GET / at time 12:12:47 GMT+0530 (India Standard Time)
GET /bootstrap-5.1.3-dist/css/bootstrap.min.css at time 12:12:47 GMT+0530 (India Standard Time)
GET /bootstrap-5.1.3-dist/js/bootstrap.min.js at time 12:12:47 GMT+0530 (India Standard Time)
GET /products at time 12:12:57 GMT+0530 (India Standard Time)
GET /uers at time 12:13:09 GMT+0530 (India Standard Time)
GET /users at time 12:13:17 GMT+0530 (India Standard Time)
GET /user/ at time 12:13:26 GMT+0530 (India Standard Time)
GET /users at time 12:13:33 GMT+0530 (India Standard Time)
GET / at time 12:21:45 GMT+0530 (India Standard Time)
GET /bootstrap-5.1.3-dist/css/bootstrap.min.css at time 12:21:45 GMT+0530 (India Standard Time)
GET /bootstrap-5.1.3-dist/js/bootstrap.min.js at time 12:21:45 GMT+0530 (India Standard Time)
GET /page/products at time 12:24:03 GMT+0530 (India Standard Time)
GET /bootstrap-5.1.3-dist/css/bootstrap.min.css at time 12:24:03 GMT+0530 (India Standard Time)
GET /page/bootstrap-5.1.3-dist/js/bootstrap.min.js at time 12:24:03 GMT+0530 (India Standard Time)
GET / at time 12:24:06 GMT+0530 (India Standard Time)
GET /bootstrap-5.1.3-dist/css/bootstrap.min.css at time 12:24:06 GMT+0530 (India Standard Time)
GET /bootstrap-5.1.3-dist/js/bootstrap.min.js at time 12:24:06 GMT+0530 (India Standard Time)
GET /page/products at time 12:24:07 GMT+0530 (India Standard Time)
GET /bootstrap-5.1.3-dist/css/bootstrap.min.css at time 12:24:07 GMT+0530 (India Standard Time)
GET /page/bootstrap-5.1.3-dist/js/bootstrap.min.js at time 12:24:07 GMT+0530 (India Standard Time)
GET / at time 12:24:12 GMT+0530 (India Standard Time)
GET /bootstrap-5.1.3-dist/css/bootstrap.min.css at time 12:24:12 GMT+0530 (India Standard Time)
GET /bootstrap-5.1.3-dist/js/bootstrap.min.js at time 12:24:12 GMT+0530 (India Standard Time)
